Has seleccionado la opción de cargar datos
Has seleccionado el fichero ./archivos/cnf04dat.sec
Has seleccionado la opción de seleccionar semillas
Las semillas seleccionadas son: 
77365843
77354354
Has seleccionado la opción del Algoritmo Genético Estacionario OX
Coste: 54059
Ha tardado 42 ms
Has seleccionado la opción del Algoritmo Genético Estacionario OX
Coste: 53950
Ha tardado 26 ms
Has seleccionado la opción del Algoritmo Genético Estacionario OX
Coste: 54014
Ha tardado 31 ms
Has seleccionado la opción del Algoritmo Genético Estacionario OX
Coste: 53611
Ha tardado 24 ms
Has seleccionado la opción del Algoritmo Genético Estacionario OX
Coste: 53966
Ha tardado 28 ms
Has seleccionado la opción de cargar datos
Has seleccionado el fichero ./archivos/cnf01.dat
Has seleccionado la opción del Algoritmo Genético Estacionario OX
Coste: 7733
Ha tardado 7 ms
Has seleccionado la opción del Algoritmo Genético Estacionario OX
Coste: 7923
Ha tardado 2 ms
Has seleccionado la opción del Algoritmo Genético Estacionario OX
Coste: 7911
Ha tardado 3 ms
Has seleccionado la opción del Algoritmo Genético Estacionario OX
Coste: 7840
Ha tardado 4 ms
Has seleccionado la opción del Algoritmo Genético Estacionario OX
Coste: 8083
Ha tardado 3 ms
Has seleccionado la opción de cargar datos
Has seleccionado el fichero ./archivos/cnf02.dat
Has seleccionado la opción del Algoritmo Genético Estacionario OX
