Has seleccionado la opción de cargar datos
Has seleccionado el fichero ./archivos/cnf05dat.sec
Has seleccionado la opción de seleccionar semillas
Las semillas seleccionadas son: 
77365843
77354354
Has seleccionado la opción del Algoritmo Genético Estacionario OX
Coste: 306
Ha tardado 94 ms
Has seleccionado la opción del Algoritmo Genético Estacionario OX
Coste: 292
Ha tardado 67 ms
Has seleccionado la opción del Algoritmo Genético Estacionario OX
Coste: 270
Ha tardado 69 ms
Has seleccionado la opción del Algoritmo Genético Estacionario OX
Coste: 284
Ha tardado 45 ms
Has seleccionado la opción del Algoritmo Genético Estacionario OX
Coste: 290
Ha tardado 53 ms
