Has seleccionado la opción de cargar datos
Has seleccionado el fichero ./archivos/cnf03.dat
Has seleccionado la opción de seleccionar semillas
Las semillas seleccionadas son: 
77365843
77354354
Has seleccionado la opción del Algoritmo Genético Estscionario OX
Coste: 7712
Ha tardado 11 ms
Has seleccionado la opción del Algoritmo Genético Estscionario OX
Coste: 7712
Ha tardado 7 ms
Has seleccionado la opción del Algoritmo Genético Estscionario OX
Coste: 7712
Ha tardado 7 ms
Has seleccionado la opción del Algoritmo Genético Estscionario OX
Coste: 7712
Ha tardado 2 ms
Has seleccionado la opción del Algoritmo Genético Estscionario OX
Coste: 7712
Ha tardado 6 ms
Has seleccionado la opción de cargar datos
Has seleccionado el fichero ./archivos/cnf04dat.sec
Has seleccionado la opción del Algoritmo Genético Estscionario OX
