Has seleccionado la opción de cargar datos
Has seleccionado el fichero ./archivos/cnf01.dat
Las semillas seleccionadas son: 
7
8
Has seleccionado la opción del Algoritmo Genético Estacionario PMX
Coste: 12072
Ha tardado 16 ms
Has seleccionado la opción de cargar datos
Has seleccionado el fichero ./archivos/cnf01.dat
Has seleccionado la opción de seleccionar semillas
Las semillas seleccionadas son: 
7
8
77365843
77354
Has seleccionado la opción de seleccionar semillas
Las semillas seleccionadas son: 
7
8
77365843
77354
77365843
77354354
Has seleccionado la opción del Algoritmo Genético Estacionario PMX
Coste: 12072
Ha tardado 15 ms
Has seleccionado la opción del Algoritmo Genético Estacionario PMX
Coste: 12072
Ha tardado 0 ms
Has seleccionado la opción del Algoritmo Genético Estacionario PMX
Coste: 12072
Ha tardado 0 ms
Has seleccionado la opción del Algoritmo Genético Estacionario PMX
Coste: 12072
Ha tardado 0 ms
Has seleccionado la opción del Algoritmo Genético Estacionario PMX
Coste: 12072
Ha tardado 0 ms
Has seleccionado la opción del Algoritmo Genético Estacionario PMX
Coste: 12072
Ha tardado 0 ms
Has seleccionado la opción del Algoritmo Genético Estacionario PMX
Coste: 12072
Ha tardado 0 ms
