Has seleccionado la opción de cargar datos
Has seleccionado el fichero ./archivos/cnf10.dat
Has seleccionado la opción de seleccionar semillas
Las semillas seleccionadas son: 
77365843
77354354
Has seleccionado la opción del Algoritmo Genético Estacionario OX
Coste: 9513166
Ha tardado 103 ms
Has seleccionado la opción del Algoritmo Genético Estacionario OX
Coste: 9535676
Ha tardado 71 ms
Has seleccionado la opción del Algoritmo Genético Estacionario OX
Coste: 9535396
Ha tardado 82 ms
Has seleccionado la opción del Algoritmo Genético Estacionario OX
Coste: 9519560
Ha tardado 73 ms
Has seleccionado la opción del Algoritmo Genético Estacionario OX
Coste: 9546072
Ha tardado 77 ms
