Has seleccionado la opción de cargar datos
Has seleccionado el fichero ./archivos/cnf01.dat
Has seleccionado la opción de seleccionar semillas
Las semillas seleccionadas son: 
77365843
77354354
Has seleccionado la opción del Algoritmo Genético Estacionario PMX
Coste: 12072
Ha tardado 17 ms
Has seleccionado la opción del Algoritmo Genético Estacionario PMX
Coste: 12072
Ha tardado 15 ms
Has seleccionado la opción del Algoritmo Genético Estacionario PMX
Coste: 12072
Ha tardado 15 ms
Has seleccionado la opción del Algoritmo Genético Estacionario PMX
Coste: 12072
Ha tardado 0 ms
Has seleccionado la opción del Algoritmo Genético Estacionario PMX
Coste: 12072
Ha tardado 0 ms
Has seleccionado la opción del Algoritmo Genético Estacionario PMX
Coste: 12072
Ha tardado 0 ms
Has seleccionado la opción de cargar datos
Has seleccionado el fichero ./archivos/cnf02.dat
Has seleccionado la opción del Algoritmo Genético Estacionario PMX
