Has seleccionado la opción de cargar datos
Has seleccionado el fichero ./archivos/cnf09.dat
Has seleccionado la opción de seleccionar semillas
Las semillas seleccionadas son: 
77365843
77354354
Has seleccionado la opción del Algoritmo Genético Estacionario OX
Coste: 51090672
Ha tardado 253 ms
Has seleccionado la opción del Algoritmo Genético Estacionario OX
Coste: 52538884
Ha tardado 159 ms
Has seleccionado la opción del Algoritmo Genético Estacionario OX
Coste: 52351074
Ha tardado 110 ms
Has seleccionado la opción del Algoritmo Genético Estacionario OX
Coste: 52512238
Ha tardado 110 ms
Has seleccionado la opción del Algoritmo Genético Estacionario OX
Coste: 52000032
Ha tardado 115 ms
