Has seleccionado la opción de cargar datos
Has seleccionado el fichero ./archivos/cnf08.dat
Has seleccionado la opción de seleccionar semillas
Las semillas seleccionadas son: 
77365843
77354354
Has seleccionado la opción del Algoritmo Genético Estacionario OX
Coste: 645189350
Ha tardado 104 ms
Has seleccionado la opción del Algoritmo Genético Estacionario OX
Coste: 630865118
Ha tardado 91 ms
Has seleccionado la opción del Algoritmo Genético Estacionario OX
Coste: 641664068
Ha tardado 53 ms
Has seleccionado la opción del Algoritmo Genético Estacionario OX
Coste: 645542802
Ha tardado 52 ms
Has seleccionado la opción del Algoritmo Genético Estacionario OX
Coste: 643280588
Ha tardado 55 ms
