Has seleccionado la opción de cargar datos
Has seleccionado el fichero ./archivos/cnf03.dat
Has seleccionado la opción de seleccionar semillas
Las semillas seleccionadas son: 
77365843
77354354
Has seleccionado la opción del Algoritmo Genético Estacionario PMX
Coste: 6346
Ha tardado 13 ms
Has seleccionado la opción del Algoritmo Genético Estacionario PMX
Coste: 6364
Ha tardado 5 ms
Has seleccionado la opción del Algoritmo Genético Estacionario PMX
Coste: 6370
Ha tardado 12 ms
Has seleccionado la opción del Algoritmo Genético Estacionario PMX
Coste: 6368
Ha tardado 4 ms
Has seleccionado la opción del Algoritmo Genético Estacionario PMX
Coste: 6508
Ha tardado 4 ms
