Has seleccionado la opción de cargar datos
Has seleccionado el fichero ./archivos/cnf10.dat
Has seleccionado la opción de seleccionar semillas
Las semillas seleccionadas son: 
77365843
77354354
Has seleccionado la opción del Algoritmo Genético Estacionario PMX
Coste: 9504338
Ha tardado 115 ms
Has seleccionado la opción del Algoritmo Genético Estacionario PMX
Coste: 9501060
Ha tardado 90 ms
Has seleccionado la opción del Algoritmo Genético Estacionario PMX
Coste: 9570918
Ha tardado 54 ms
Has seleccionado la opción del Algoritmo Genético Estacionario PMX
Coste: 9488950
Ha tardado 59 ms
Has seleccionado la opción del Algoritmo Genético Estacionario PMX
Coste: 9489688
Ha tardado 60 ms
