Has seleccionado la opción de cargar datos
Has seleccionado el fichero ./archivos/cnf01.dat
Has seleccionado la opción de seleccionar semillas
Las semillas seleccionadas son: 
77365843
77354354
Has seleccionado la opción del Algoritmo Genético Estscionario OX
Coste: 12072
Ha tardado 15 ms
Has seleccionado la opción del Algoritmo Genético Estscionario OX
Coste: 12072
Ha tardado 8 ms
Has seleccionado la opción del Algoritmo Genético Estscionario OX
Coste: 12072
Ha tardado 11 ms
Has seleccionado la opción del Algoritmo Genético Estscionario OX
Coste: 12072
Ha tardado 8 ms
Has seleccionado la opción del Algoritmo Genético Estscionario OX
Coste: 12072
Ha tardado 11 ms
Has seleccionado la opción del Algoritmo Genético Estscionario OX
Coste: 12072
Ha tardado 8 ms
Has seleccionado la opción del Algoritmo Genético Estscionario OX
Coste: 12072
Ha tardado 10 ms
Has seleccionado la opción de cargar datos
Has seleccionado el fichero ./archivos/cnf02.dat
Has seleccionado la opción del Algoritmo Genético Estscionario OX
