Has seleccionado la opción de cargar datos
Has seleccionado el fichero ./archivos/cnf07.dat
Has seleccionado la opción de seleccionar semillas
Las semillas seleccionadas son: 
77365843
77354354
Has seleccionado la opción del Algoritmo Genético Estacionario PMX
Coste: 1636328522
Ha tardado 70 ms
Has seleccionado la opción del Algoritmo Genético Estacionario PMX
Coste: 1647726737
Ha tardado 47 ms
Has seleccionado la opción del Algoritmo Genético Estacionario PMX
Coste: 1660286845
Ha tardado 40 ms
Has seleccionado la opción del Algoritmo Genético Estacionario PMX
Coste: 1653128479
Ha tardado 35 ms
Has seleccionado la opción del Algoritmo Genético Estacionario PMX
Coste: 1665800504
Ha tardado 39 ms
