Has seleccionado la opción de cargar datos
Has seleccionado el fichero ./archivos/cnf10.dat
Has seleccionado la opción de seleccionar semillas
Las semillas seleccionadas son: 
77365843
77354354
Has seleccionado la opción del Algoritmo Genético Estscionario OX
Coste: 9830824
Ha tardado 120 ms
Has seleccionado la opción del Algoritmo Genético Estscionario OX
Coste: 9830824
Ha tardado 59 ms
Has seleccionado la opción del Algoritmo Genético Estscionario OX
Coste: 9830824
Ha tardado 52 ms
Has seleccionado la opción del Algoritmo Genético Estscionario OX
Coste: 9830824
Ha tardado 69 ms
Has seleccionado la opción del Algoritmo Genético Estscionario OX
Coste: 9830824
Ha tardado 58 ms
Has seleccionado la opción de cargar datos
Has seleccionado el fichero ./archivos/cnf09.dat
Has seleccionado la opción del Algoritmo Genético Estscionario OX
