Has seleccionado la opción de cargar datos
Has seleccionado el fichero ./archivos/cnf02.dat
Has seleccionado la opción de seleccionar semillas
Las semillas seleccionadas son: 
77365843
77354354
Has seleccionado la opción del Algoritmo Genético Estscionario OX
Coste: 202
Ha tardado 129 ms
Has seleccionado la opción del Algoritmo Genético Estscionario OX
Coste: 202
Ha tardado 80 ms
Has seleccionado la opción del Algoritmo Genético Estscionario OX
Coste: 202
Ha tardado 82 ms
Has seleccionado la opción del Algoritmo Genético Estscionario OX
Coste: 202
Ha tardado 157 ms
Has seleccionado la opción del Algoritmo Genético Estscionario OX
Coste: 202
Ha tardado 86 ms
Has seleccionado la opción del Algoritmo Genético Estscionario OX
Coste: 202
Ha tardado 57 ms
Has seleccionado la opción del Algoritmo Genético Estscionario OX
Coste: 202
Ha tardado 49 ms
Has seleccionado la opción de cargar datos
Has seleccionado el fichero ./archivos/cnf03.dat
Has seleccionado la opción del Algoritmo Genético Estscionario OX
Coste: 0
Ha tardado 2 ms
Has seleccionado la opción del Algoritmo Genético Estscionario OX
Coste: 0
Ha tardado 3 ms
Has seleccionado la opción del Algoritmo Genético Estscionario OX
Coste: 0
Ha tardado 3 ms
Has seleccionado la opción del Algoritmo Genético Estscionario OX
Coste: 0
Ha tardado 3 ms
Has seleccionado la opción del Algoritmo Genético Estscionario OX
Coste: 0
Ha tardado 6 ms
Has seleccionado la opción del Algoritmo Genético Estscionario OX
Coste: 0
Ha tardado 2 ms
Has seleccionado la opción del Algoritmo Genético Estscionario OX
Coste: 0
Ha tardado 3 ms
Has seleccionado la opción del Algoritmo Genético Estscionario OX
Coste: 0
Ha tardado 1 ms
