Has seleccionado la opción de cargar datos
Has seleccionado el fichero ./archivos/cnf05dat.sec
Has seleccionado la opción de seleccionar semillas
Las semillas seleccionadas son: 
77365843
77354354
Has seleccionado la opción del Algoritmo Genético Estscionario OX
Coste: 202
Ha tardado 91 ms
Has seleccionado la opción del Algoritmo Genético Estscionario OX
Coste: 202
Ha tardado 52 ms
Has seleccionado la opción del Algoritmo Genético Estscionario OX
Coste: 202
Ha tardado 45 ms
Has seleccionado la opción del Algoritmo Genético Estscionario OX
Coste: 202
Ha tardado 41 ms
Has seleccionado la opción del Algoritmo Genético Estscionario OX
Coste: 202
Ha tardado 43 ms
Has seleccionado la opción de cargar datos
Has seleccionado el fichero ./archivos/cnf06.dat
Has seleccionado la opción del Algoritmo Genético Estscionario OX
Coste: 186
Ha tardado 28 ms
Has seleccionado la opción del Algoritmo Genético Estscionario OX
Coste: 186
Ha tardado 28 ms
Has seleccionado la opción del Algoritmo Genético Estscionario OX
Coste: 186
Ha tardado 28 ms
Has seleccionado la opción del Algoritmo Genético Estscionario OX
Coste: 186
Ha tardado 39 ms
Has seleccionado la opción del Algoritmo Genético Estscionario OX
Coste: 186
Ha tardado 45 ms
Has seleccionado la opción del Algoritmo Genético Estscionario OX
Coste: 186
Ha tardado 45 ms
Has seleccionado la opción del Algoritmo Genético Estscionario OX
Coste: 186
Ha tardado 34 ms
Has seleccionado la opción de cargar datos
Has seleccionado el fichero ./archivos/cnf07.dat
Has seleccionado la opción del Algoritmo Genético Estscionario OX
Coste: 186
Ha tardado 28 ms
Has seleccionado la opción del Algoritmo Genético Estscionario OX
Coste: 186
Ha tardado 28 ms
Has seleccionado la opción del Algoritmo Genético Estscionario OX
Coste: 186
Ha tardado 34 ms
Has seleccionado la opción del Algoritmo Genético Estscionario OX
Coste: 186
Ha tardado 27 ms
Has seleccionado la opción del Algoritmo Genético Estscionario OX
Coste: 186
Ha tardado 24 ms
Has seleccionado la opción del Algoritmo Genético Estscionario OX
Coste: 186
Ha tardado 31 ms
Has seleccionado la opción de cargar datos
Has seleccionado el fichero ./archivos/cnf08.dat
Has seleccionado la opción del Algoritmo Genético Estscionario OX
