Has seleccionado la opción de cargar datos
Has seleccionado el fichero ./archivos/cnf09.dat
Has seleccionado la opción de seleccionar semillas
Las semillas seleccionadas son: 
77365843
77354354
Has seleccionado la opción del Algoritmo Genético Estacionario PMX
Coste: 50917236
Ha tardado 156 ms
Has seleccionado la opción del Algoritmo Genético Estacionario PMX
Coste: 51747592
Ha tardado 122 ms
Has seleccionado la opción del Algoritmo Genético Estacionario PMX
Coste: 51942244
Ha tardado 129 ms
Has seleccionado la opción del Algoritmo Genético Estacionario PMX
Coste: 51670278
Ha tardado 116 ms
Has seleccionado la opción del Algoritmo Genético Estacionario PMX
Coste: 52303714
Ha tardado 131 ms
