Has seleccionado la opción de cargar datos
Has seleccionado el fichero ./archivos/cnf06.dat
Has seleccionado la opción de seleccionar semillas
Las semillas seleccionadas son: 
77365843
77354354
Has seleccionado la opción del Algoritmo Genético Estacionario PMX
Coste: 23373020
Ha tardado 67 ms
Has seleccionado la opción del Algoritmo Genético Estacionario PMX
Coste: 23403084
Ha tardado 46 ms
Has seleccionado la opción del Algoritmo Genético Estacionario PMX
Coste: 23355988
Ha tardado 29 ms
Has seleccionado la opción del Algoritmo Genético Estacionario PMX
Coste: 23486036
Ha tardado 24 ms
Has seleccionado la opción del Algoritmo Genético Estacionario PMX
Coste: 23499884
Ha tardado 28 ms
