Has seleccionado la opción de cargar datos
Has seleccionado el fichero ./archivos/cnf04dat.sec
Has seleccionado la opción de seleccionar semillas
Las semillas seleccionadas son: 
77365843
77354354
Has seleccionado la opción del Algoritmo Genético Estacionario PMX
Coste: 51100
Ha tardado 35 ms
Has seleccionado la opción del Algoritmo Genético Estacionario PMX
Coste: 51230
Ha tardado 31 ms
Has seleccionado la opción del Algoritmo Genético Estacionario PMX
Coste: 51259
Ha tardado 26 ms
Has seleccionado la opción del Algoritmo Genético Estacionario PMX
Coste: 50879
Ha tardado 27 ms
Has seleccionado la opción del Algoritmo Genético Estacionario PMX
Coste: 51190
Ha tardado 15 ms
