Has seleccionado la opción de cargar datos
Has seleccionado el fichero ./archivos/cnf01.dat
Has seleccionado la opción de seleccionar semillas
Las semillas seleccionadas son: 
77358436
77354354
Coste: 12072
Has seleccionado la opción del Algoritmo Genético Estscionario OX
Coste: 12072
Ha tardado 7 ms
Has seleccionado la opción del Algoritmo Genético Estscionario OX
Coste: 12072
Ha tardado 5 ms
Coste: 12072
Coste: 12072
Coste: 12072
Coste: 12072
Coste: 12072
Coste: 12072
Coste: 12072
Coste: 12072
Coste: 12072
Has seleccionado la opción de cargar datos
Has seleccionado el fichero ./archivos/cnf01.dat
Has seleccionado la opción de seleccionar semillas
