Has seleccionado la opción de cargar datos
Has seleccionado el fichero ./archivos/cnf03.dat
Has seleccionado la opción de seleccionar semillas
Las semillas seleccionadas son: 
77365843
77354354
Has seleccionado la opción del Algoritmo Genético Estacionario OX
Coste: 7618
Ha tardado 11 ms
Has seleccionado la opción del Algoritmo Genético Estacionario OX
Coste: 7522
Ha tardado 5 ms
Has seleccionado la opción del Algoritmo Genético Estacionario OX
Coste: 7522
Ha tardado 4 ms
Has seleccionado la opción del Algoritmo Genético Estacionario OX
Coste: 7450
Ha tardado 9 ms
Has seleccionado la opción del Algoritmo Genético Estacionario OX
Coste: 7652
Ha tardado 11 ms
