Has seleccionado la opción de cargar datos
Has seleccionado el fichero ./archivos/cnf05dat.sec
Has seleccionado la opción de seleccionar semillas
Las semillas seleccionadas son: 
77365843
77354354
Has seleccionado la opción del Algoritmo Genético Estacionario PMX
Coste: 296
Ha tardado 114 ms
Has seleccionado la opción del Algoritmo Genético Estacionario PMX
Coste: 278
Ha tardado 54 ms
Has seleccionado la opción del Algoritmo Genético Estacionario PMX
Coste: 278
Ha tardado 73 ms
Has seleccionado la opción del Algoritmo Genético Estacionario PMX
Coste: 300
Ha tardado 47 ms
Has seleccionado la opción del Algoritmo Genético Estacionario PMX
Coste: 268
Ha tardado 45 ms
