Has seleccionado la opción de cargar datos
Has seleccionado el fichero ./archivos/cnf08.dat
Has seleccionado la opción de seleccionar semillas
Las semillas seleccionadas son: 
77365843
77354354
Has seleccionado la opción del Algoritmo Genético Estacionario PMX
Coste: 634318943
Ha tardado 111 ms
Has seleccionado la opción del Algoritmo Genético Estacionario PMX
Coste: 632394041
Ha tardado 76 ms
Has seleccionado la opción del Algoritmo Genético Estacionario PMX
Coste: 628317474
Ha tardado 51 ms
Has seleccionado la opción del Algoritmo Genético Estacionario PMX
Coste: 634703442
Ha tardado 54 ms
Has seleccionado la opción del Algoritmo Genético Estacionario PMX
Coste: 630100409
Ha tardado 60 ms
