Has seleccionado la opción de cargar datos
Has seleccionado el fichero ./archivos/cnf06.dat
Has seleccionado la opción de seleccionar semillas
Las semillas seleccionadas son: 
77365843
77354354
Has seleccionado la opción del Algoritmo Genético Estacionario OX
Coste: 23871714
Ha tardado 70 ms
Has seleccionado la opción del Algoritmo Genético Estacionario OX
Coste: 23946000
Ha tardado 42 ms
Has seleccionado la opción del Algoritmo Genético Estacionario OX
Coste: 23945714
Ha tardado 40 ms
Has seleccionado la opción del Algoritmo Genético Estacionario OX
Coste: 23932004
Ha tardado 24 ms
Has seleccionado la opción del Algoritmo Genético Estacionario OX
Coste: 23830628
Ha tardado 26 ms
