Has seleccionado la opción de cargar datos
Has seleccionado el fichero ./archivos/cnf02.dat
Has seleccionado la opción de seleccionar semillas
Las semillas seleccionadas son: 
77365843
77354354
Has seleccionado la opción del Algoritmo Genético Estscionario OX
Coste: 202
Ha tardado 101 ms
Has seleccionado la opción del Algoritmo Genético Estscionario OX
Coste: 202
Ha tardado 55 ms
Has seleccionado la opción del Algoritmo Genético Estscionario OX
Coste: 202
Ha tardado 49 ms
Has seleccionado la opción del Algoritmo Genético Estscionario OX
Coste: 202
Ha tardado 52 ms
Has seleccionado la opción del Algoritmo Genético Estscionario OX
Coste: 202
Ha tardado 76 ms
Has seleccionado la opción de cargar datos
Has seleccionado el fichero ./archivos/cnf03.dat
Has seleccionado la opción de seleccionar semillas
