Has seleccionado la opción de cargar datos
Has seleccionado el fichero ./archivos/cnf01.dat
Has seleccionado la opción de seleccionar semillas
Las semillas seleccionadas son: 
77365843
77354354
Has seleccionado la opción del Algoritmo Genético Estacionario PMX
Coste: 12038
Ha tardado 13 ms
Has seleccionado la opción del Algoritmo Genético Estacionario OX
Coste: 10410
Ha tardado 9 ms
Has seleccionado la opción del Algoritmo Genético Estacionario OX
Coste: 11076
Ha tardado 12 ms
Has seleccionado la opción del Algoritmo Genético Estacionario OX
Coste: 10514
Ha tardado 4 ms
Has seleccionado la opción del Algoritmo Genético Estacionario OX
Coste: 11608
Ha tardado 6 ms
