Has seleccionado la opción de cargar datos
Has seleccionado el fichero ./archivos/cnf07.dat
Has seleccionado la opción de seleccionar semillas
Las semillas seleccionadas son: 
77365843
77354354
Has seleccionado la opción del Algoritmo Genético Estacionario OX
Coste: 1740591608
Ha tardado 66 ms
Has seleccionado la opción del Algoritmo Genético Estacionario OX
Coste: 1741487777
Ha tardado 49 ms
Has seleccionado la opción del Algoritmo Genético Estacionario OX
Coste: 1743409853
Ha tardado 26 ms
Has seleccionado la opción del Algoritmo Genético Estacionario OX
Coste: 1727166477
Ha tardado 33 ms
Has seleccionado la opción del Algoritmo Genético Estacionario OX
Coste: 1727130338
Ha tardado 26 ms
