Has seleccionado la opción de cargar datos
Has seleccionado el fichero ./archivos/cnf02.dat
Has seleccionado la opción de seleccionar semillas
Las semillas seleccionadas son: 
77365843
77354354
Has seleccionado la opción de seleccionar semillas
Las semillas seleccionadas son: 
77365843
77354354
77365843
77354354
Has seleccionado la opción del Algoritmo Genético Estacionario OX
Coste: 310
Ha tardado 108 ms
Has seleccionado la opción del Algoritmo Genético Estacionario OX
Coste: 284
Ha tardado 79 ms
Has seleccionado la opción del Algoritmo Genético Estacionario OX
Coste: 304
Ha tardado 46 ms
Has seleccionado la opción del Algoritmo Genético Estacionario OX
Coste: 302
Ha tardado 85 ms
Has seleccionado la opción del Algoritmo Genético Estacionario OX
Coste: 270
Ha tardado 50 ms
Has seleccionado la opción de cargar datos
Has seleccionado el fichero ./archivos/cnf03.dat
Has seleccionado la opción del Algoritmo Genético Estacionario OX
Coste: 0
Ha tardado 2 ms
Has seleccionado la opción del Algoritmo Genético Estacionario OX
Coste: 2
Ha tardado 1 ms
