Has seleccionado la opción de cargar datos
Has seleccionado el fichero ./archivos/cnf03.dat
Has seleccionado la opción de seleccionar semillas
Las semillas seleccionadas son: 
7736843
77354354
Has seleccionado la opción del Algoritmo Genético Estacionario PMX
Coste: 7712
Ha tardado 16 ms
Has seleccionado la opción del Algoritmo Genético Estacionario PMX
Coste: 7712
Ha tardado 0 ms
Has seleccionado la opción del Algoritmo Genético Estacionario PMX
Coste: 7712
Ha tardado 15 ms
Has seleccionado la opción del Algoritmo Genético Estacionario PMX
Coste: 7712
Ha tardado 0 ms
Has seleccionado la opción del Algoritmo Genético Estacionario PMX
Coste: 7712
Ha tardado 16 ms
Has seleccionado la opción del Algoritmo Genético Estacionario PMX
Coste: 7712
Ha tardado 0 ms
Has seleccionado la opción del Algoritmo Genético Estacionario PMX
Coste: 7712
Ha tardado 15 ms
Has seleccionado la opción del Algoritmo Genético Estacionario PMX
Coste: 7712
Ha tardado 0 ms
