Has seleccionado la opción de cargar datos
Has seleccionado el fichero ./archivos/cnf02.dat
Has seleccionado la opción de seleccionar semillas
Las semillas seleccionadas son: 
77365843
77354354
Has seleccionado la opción del Algoritmo Genético Estacionario PMX
Coste: 276
Ha tardado 96 ms
Has seleccionado la opción del Algoritmo Genético Estacionario PMX
Coste: 294
Ha tardado 52 ms
Has seleccionado la opción del Algoritmo Genético Estacionario PMX
Coste: 288
Ha tardado 73 ms
Has seleccionado la opción del Algoritmo Genético Estacionario PMX
Coste: 288
Ha tardado 81 ms
Has seleccionado la opción del Algoritmo Genético Estacionario PMX
Coste: 256
Ha tardado 43 ms
